{"D:\\小程序相关\\playForVue3\\src\\components\\button\\Button.vue": {"path":"D:\\小程序相关\\playForVue3\\src\\components\\button\\Button.vue","statementMap":{"0":{"start":{"line":27,"column":0},"end":{"line":27,"column":15}},"1":{"start":{"line":27,"column":20},"end":{"line":27,"column":null}},"2":{"start":{"line":7,"column":0},"end":{"line":7,"column":null}},"3":{"start":{"line":8,"column":0},"end":{"line":8,"column":null}},"4":{"start":{"line":20,"column":21},"end":{"line":20,"column":null}},"5":{"start":{"line":21,"column":19},"end":{"line":21,"column":28}},"6":{"start":{"line":22,"column":2},"end":{"line":22,"column":9}}},"fnMap":{"0":{"name":"(anonymous_3)","decl":{"start":{"line":21,"column":28},"end":{"line":21,"column":null}},"loc":{"start":{"line":21,"column":28},"end":{"line":23,"column":null}}}},"branchMap":{"0":{"loc":{"start":{"line":22,"column":9},"end":{"line":22,"column":null}},"type":"binary-expr","locations":[{"start":{"line":22,"column":9},"end":{"line":22,"column":23}},{"start":{"line":22,"column":23},"end":{"line":22,"column":null}}]}},"s":{"0":1,"1":1,"2":1,"3":1,"4":2,"5":2,"6":2},"f":{"0":2},"b":{"0":[2,1]}}
,"D:\\小程序相关\\playForVue3\\src\\utils\\index.ts": {"path":"D:\\小程序相关\\playForVue3\\src\\utils\\index.ts","statementMap":{"0":{"start":{"line":1,"column":0},"end":{"line":1,"column":65}},"1":{"start":{"line":4,"column":55},"end":{"line":4,"column":75}},"2":{"start":{"line":5,"column":4},"end":{"line":8,"column":null}},"3":{"start":{"line":6,"column":8},"end":{"line":6,"column":null}},"4":{"start":{"line":7,"column":8},"end":{"line":7,"column":14}},"5":{"start":{"line":9,"column":4},"end":{"line":9,"column":null}},"6":{"start":{"line":3,"column":0},"end":{"line":3,"column":16}}},"fnMap":{"0":{"name":"useGlobalConfig","decl":{"start":{"line":3,"column":16},"end":{"line":3,"column":31}},"loc":{"start":{"line":3,"column":31},"end":{"line":10,"column":1}}}},"branchMap":{"0":{"loc":{"start":{"line":5,"column":4},"end":{"line":8,"column":null}},"type":"if","locations":[{"start":{"line":5,"column":4},"end":{"line":8,"column":null}}]},"1":{"loc":{"start":{"line":9,"column":11},"end":{"line":9,"column":70}},"type":"binary-expr","locations":[{"start":{"line":9,"column":11},"end":{"line":9,"column":64}},{"start":{"line":9,"column":68},"end":{"line":9,"column":70}}]}},"s":{"0":1,"1":2,"2":2,"3":0,"4":0,"5":2,"6":1},"f":{"0":2},"b":{"0":[0],"1":[2,2]}}
}
